<?xml version="1.0" encoding="UTF-8"?>
<!-- Generated by org.testng.reporters.JUnitReportReporter -->
<testsuite hostname="Lenovo-zrb" name="com.penzias.hello.TestApp" tests="1" failures="0" timestamp="23 Mar 2016 14:04:06 GMT" time="0.470" errors="0">
  <testcase name="test" time="0.470" classname="com.penzias.hello.TestApp"/>
</testsuite> <!-- com.penzias.hello.TestApp -->
